2025-09-11 10:27:38.034 INFO  [SpringApplicationShutdownHook] o.s.b.w.e.tomcat.GracefulShutdown - Commencing graceful shutdown. Waiting for active requests to complete
2025-09-11 10:27:38.043 INFO  [tomcat-shutdown] o.s.b.w.e.tomcat.GracefulShutdown - Graceful shutdown complete
2025-09-11 10:27:46.163 INFO  [background-preinit] o.h.validator.internal.util.Version - HV000001: Hibernate Validator 8.0.3.Final
2025-09-11 10:27:46.187 INFO  [main] c.h.a.a.ApiGatewayApplication - Starting ApiGatewayApplication using Java 24.0.2 with PID 64084 (/Users/MRUNALIS/Downloads/training-icc-capstone-api-team-goal-feature-mrunali_apigateway_branch/target/classes started by MRUNALIS in /Users/MRUNALIS/Downloads/training-icc-capstone-api-team-goal-feature-mrunali_apigateway_branch)
2025-09-11 10:27:46.187 INFO  [main] c.h.a.a.ApiGatewayApplication - No active profile set, falling back to 1 default profile: "default"
2025-09-11 10:27:46.776 INFO  [main] o.s.b.w.e.tomcat.TomcatWebServer - Tomcat initialized with port 8080 (http)
2025-09-11 10:27:46.781 INFO  [main] o.a.coyote.http11.Http11NioProtocol - Initializing ProtocolHandler ["http-nio-8080"]
2025-09-11 10:27:46.782 INFO  [main] o.a.catalina.core.StandardService - Starting service [Tomcat]
2025-09-11 10:27:46.782 INFO  [main] o.a.catalina.core.StandardEngine - Starting Servlet engine: [Apache Tomcat/10.1.44]
2025-09-11 10:27:46.799 INFO  [main] o.a.c.c.C.[Tomcat].[localhost].[/] - Initializing Spring embedded WebApplicationContext
2025-09-11 10:27:46.800 INFO  [main] o.s.b.w.s.c.ServletWebServerApplicationContext - Root WebApplicationContext: initialization completed in 594 ms
2025-09-11 10:27:47.099 WARN  [main] o.s.b.a.s.s.UserDetailsServiceAutoConfiguration - 

Using generated security password: 70f56ee1-f716-4018-ae29-ee067142d818

This generated password is for development use only. Your security configuration must be updated before running your application in production.

2025-09-11 10:27:47.102 INFO  [main] o.s.s.c.a.a.c.InitializeUserDetailsBeanManagerConfigurer$InitializeUserDetailsManagerConfigurer - Global AuthenticationManager configured with UserDetailsService bean with name inMemoryUserDetailsManager
2025-09-11 10:27:47.367 INFO  [main] o.a.coyote.http11.Http11NioProtocol - Starting ProtocolHandler ["http-nio-8080"]
2025-09-11 10:27:47.374 INFO  [main] o.s.b.w.e.tomcat.TomcatWebServer - Tomcat started on port 8080 (http) with context path '/'
2025-09-11 10:27:47.379 INFO  [main] c.h.a.a.ApiGatewayApplication - Started ApiGatewayApplication in 1.438 seconds (process running for 1.644)
2025-09-11 10:28:08.024 INFO  [http-nio-8080-exec-1] o.a.c.c.C.[Tomcat].[localhost].[/] - Initializing Spring DispatcherServlet 'dispatcherServlet'
2025-09-11 10:28:08.024 INFO  [http-nio-8080-exec-1] o.s.web.servlet.DispatcherServlet - Initializing Servlet 'dispatcherServlet'
2025-09-11 10:28:08.024 INFO  [http-nio-8080-exec-1] o.s.web.servlet.DispatcherServlet - Completed initialization in 0 ms
2025-09-11 10:28:08.090 INFO  [http-nio-8080-exec-1] c.h.a.a.controller.GatewayController - Gateway has validated and is now forwarding login request for user: admin
2025-09-11 10:28:36.634 INFO  [http-nio-8080-exec-2] c.h.a.a.controller.GatewayController - Gateway forwarding logout request.
2025-09-11 10:28:43.914 INFO  [http-nio-8080-exec-3] c.h.a.a.controller.GatewayController - Gateway forwarding logout request.
2025-09-11 10:57:33.948 INFO  [http-nio-8080-exec-5] c.h.a.a.controller.GatewayController - Gateway has validated and is now forwarding login request for user: admin
2025-09-11 10:57:33.974 WARN  [http-nio-8080-exec-5] c.h.a.a.controller.GatewayController - Client error from auth-service: 400 BAD_REQUEST for user admin
2025-09-11 10:57:39.139 INFO  [http-nio-8080-exec-6] c.h.a.a.controller.GatewayController - Gateway has validated and is now forwarding login request for user: admin
2025-09-11 11:46:32.760 INFO  [SpringApplicationShutdownHook] o.s.b.w.e.tomcat.GracefulShutdown - Commencing graceful shutdown. Waiting for active requests to complete
2025-09-11 11:46:32.767 INFO  [tomcat-shutdown] o.s.b.w.e.tomcat.GracefulShutdown - Graceful shutdown complete
2025-09-11 11:56:44.174 INFO  [background-preinit] o.h.validator.internal.util.Version - HV000001: Hibernate Validator 8.0.3.Final
2025-09-11 11:56:44.193 INFO  [main] c.h.a.a.ApiGatewayApplication - Starting ApiGatewayApplication using Java 24.0.2 with PID 66870 (/Users/MRUNALIS/Downloads/training-icc-capstone-api-team-goal-feature-mrunali_apigateway_branch/target/classes started by MRUNALIS in /Users/MRUNALIS/Downloads/training-icc-capstone-api-team-goal-feature-mrunali_apigateway_branch)
2025-09-11 11:56:44.193 INFO  [main] c.h.a.a.ApiGatewayApplication - No active profile set, falling back to 1 default profile: "default"
2025-09-11 11:56:44.767 INFO  [main] o.s.b.w.e.tomcat.TomcatWebServer - Tomcat initialized with port 8080 (http)
2025-09-11 11:56:44.772 INFO  [main] o.a.coyote.http11.Http11NioProtocol - Initializing ProtocolHandler ["http-nio-8080"]
2025-09-11 11:56:44.772 INFO  [main] o.a.catalina.core.StandardService - Starting service [Tomcat]
2025-09-11 11:56:44.772 INFO  [main] o.a.catalina.core.StandardEngine - Starting Servlet engine: [Apache Tomcat/10.1.44]
2025-09-11 11:56:44.790 INFO  [main] o.a.c.c.C.[Tomcat].[localhost].[/] - Initializing Spring embedded WebApplicationContext
2025-09-11 11:56:44.790 INFO  [main] o.s.b.w.s.c.ServletWebServerApplicationContext - Root WebApplicationContext: initialization completed in 582 ms
2025-09-11 11:56:45.076 WARN  [main] o.s.b.a.s.s.UserDetailsServiceAutoConfiguration - 

Using generated security password: 0051e899-d629-43b2-b227-ea507edb7956

This generated password is for development use only. Your security configuration must be updated before running your application in production.

2025-09-11 11:56:45.079 INFO  [main] o.s.s.c.a.a.c.InitializeUserDetailsBeanManagerConfigurer$InitializeUserDetailsManagerConfigurer - Global AuthenticationManager configured with UserDetailsService bean with name inMemoryUserDetailsManager
2025-09-11 11:56:45.319 INFO  [main] o.a.coyote.http11.Http11NioProtocol - Starting ProtocolHandler ["http-nio-8080"]
2025-09-11 11:56:45.327 INFO  [main] o.s.b.w.e.tomcat.TomcatWebServer - Tomcat started on port 8080 (http) with context path '/'
2025-09-11 11:56:45.333 INFO  [main] c.h.a.a.ApiGatewayApplication - Started ApiGatewayApplication in 1.358 seconds (process running for 1.513)
2025-09-11 11:56:49.915 INFO  [SpringApplicationShutdownHook] o.s.b.w.e.tomcat.GracefulShutdown - Commencing graceful shutdown. Waiting for active requests to complete
2025-09-11 11:56:49.921 INFO  [tomcat-shutdown] o.s.b.w.e.tomcat.GracefulShutdown - Graceful shutdown complete
